Script started on 2023-09-22 22:34:00+00:00 [TERM="xterm-256color" TTY="/dev/pts/1" COLUMNS="72" LINES="15"]
To run a command as administrator (user "root"), use "sudo <command>".
See "man sudo_root" for details.

[01;32mvagrant@vagrant[00m:[01;34m~/cpu/test[00m$ python monitor.py -t runtest1.py 

--------------------------------------------------
Iteration number :  1
0 - usage: 0.0 | mapping []
1 - usage: 0.0 | mapping []
2 - usage: 0.0 | mapping []
3 - usage: 0.0 | mapping []

--------------------------------------------------
Iteration number :  2
0 - usage: 0.0 | mapping ['aos_vm8', 'aos_vm3']
1 - usage: 0.0 | mapping ['aos_vm2', 'aos_vm7']
2 - usage: 0.0 | mapping ['aos_vm5']
3 - usage: 0.0 | mapping ['aos_vm6', 'aos_vm1', 'aos_vm4']

--------------------------------------------------
Iteration number :  3
0 - usage: 0.0 | mapping ['aos_vm6', 'aos_vm1', 'aos_vm3']
1 - usage: 0.0 | mapping ['aos_vm4']
2 - usage: 0.0 | mapping ['aos_vm8', 'aos_vm5']
3 - usage: 0.0 | mapping ['aos_vm2', 'aos_vm7']

--------------------------------------------------
Iteration number :  4
0 - usage: 0.0 | mapping ['aos_vm6', 'aos_vm8', 'aos_vm1', 'aos_vm5', 'aos_vm7']
1 - usage: 0.0 | mapping ['aos_vm2', 'aos_vm4']
2 - usage: 0.0 | mapping []
3 - usage: 1.0 | mapping ['aos_vm3']

--------------------------------------------------
Iteration number :  5
0 - usage: 1.0 | mapping ['aos_vm8', 'aos_vm7']
1 - usage: 2.0 | mapping ['aos_vm6', 'aos_vm2', 'aos_vm1', 'aos_vm5', 'aos_vm4']
2 - usage: 0.0 | mapping []
3 - usage: 0.0 | mapping ['aos_vm3']

--------------------------------------------------
Iteration number :  6
0 - usage: 7.000000000000001 | mapping ['aos_vm2', 'aos_vm1']
1 - usage: 8.0 | mapping ['aos_vm6', 'aos_vm3']
2 - usage: 7.000000000000001 | mapping ['aos_vm8', 'aos_vm7']
3 - usage: 9.000000000000002 | mapping ['aos_vm5', 'aos_vm4']

--------------------------------------------------
Iteration number :  7
0 - usage: 91.0 | mapping ['aos_vm2', 'aos_vm1']
1 - usage: 86.0 | mapping ['aos_vm6', 'aos_vm3']
2 - usage: 90.99999999999999 | mapping ['aos_vm8', 'aos_vm7']
3 - usage: 79.0 | mapping ['aos_vm5', 'aos_vm4']

--------------------------------------------------
Iteration number :  8
0 - usage: 93.0 | mapping ['aos_vm2', 'aos_vm1']
1 - usage: 97.0 | mapping ['aos_vm6', 'aos_vm3']
2 - usage: 95.0 | mapping ['aos_vm8', 'aos_vm7']
3 - usage: 94.0 | mapping ['aos_vm5', 'aos_vm4']

--------------------------------------------------
Iteration number :  9
0 - usage: 92.0 | mapping ['aos_vm2', 'aos_vm1']
1 - usage: 91.0 | mapping ['aos_vm6', 'aos_vm3']
2 - usage: 83.0 | mapping ['aos_vm8', 'aos_vm7']
3 - usage: 90.0 | mapping ['aos_vm5', 'aos_vm4']

--------------------------------------------------
Iteration number :  10
0 - usage: 85.0 | mapping ['aos_vm2', 'aos_vm1']
1 - usage: 88.0 | mapping ['aos_vm6', 'aos_vm3']
2 - usage: 95.0 | mapping ['aos_vm8', 'aos_vm7']
3 - usage: 88.99999999999999 | mapping ['aos_vm5', 'aos_vm4']

--------------------------------------------------
Iteration number :  11
0 - usage: 88.0 | mapping ['aos_vm2', 'aos_vm1']
1 - usage: 88.99999999999999 | mapping ['aos_vm6', 'aos_vm3']
2 - usage: 95.0 | mapping ['aos_vm8', 'aos_vm7']
3 - usage: 93.0 | mapping ['aos_vm5', 'aos_vm4']

--------------------------------------------------
Iteration number :  12
0 - usage: 89.0 | mapping ['aos_vm2', 'aos_vm1']
1 - usage: 93.0 | mapping ['aos_vm6', 'aos_vm3']
2 - usage: 94.0 | mapping ['aos_vm8', 'aos_vm7']
3 - usage: 91.0 | mapping ['aos_vm5', 'aos_vm4']

--------------------------------------------------
Iteration number :  13
0 - usage: 92.0 | mapping ['aos_vm2', 'aos_vm1']
1 - usage: 95.0 | mapping ['aos_vm6', 'aos_vm3']
2 - usage: 99.0 | mapping ['aos_vm8', 'aos_vm7']
3 - usage: 93.0 | mapping ['aos_vm5', 'aos_vm4']

--------------------------------------------------
Iteration number :  14
0 - usage: 94.0 | mapping ['aos_vm2', 'aos_vm1']
1 - usage: 90.99999999999999 | mapping ['aos_vm6', 'aos_vm3']
2 - usage: 87.0 | mapping ['aos_vm8', 'aos_vm7']
3 - usage: 90.99999999999999 | mapping ['aos_vm5', 'aos_vm4']

--------------------------------------------------
Iteration number :  15
0 - usage: 85.0 | mapping ['aos_vm2', 'aos_vm1']
1 - usage: 92.0 | mapping ['aos_vm6', 'aos_vm3']
2 - usage: 94.0 | mapping ['aos_vm8', 'aos_vm7']
3 - usage: 92.0 | mapping ['aos_vm5', 'aos_vm4']
bash: /home/ubuntu/cpu/test/testcases/1/iambusy: No such file or directory

--------------------------------------------------
Iteration number :  16
0 - usage: 100.0 | mapping ['aos_vm2', 'aos_vm1']
1 - usage: 98.0 | mapping ['aos_vm6', 'aos_vm3']
2 - usage: 67.0 | mapping ['aos_vm8', 'aos_vm7']
3 - usage: 97.0 | mapping ['aos_vm5', 'aos_vm4']

--------------------------------------------------
Iteration number :  17
0 - usage: 82.0 | mapping ['aos_vm2', 'aos_vm1']
1 - usage: 65.99999999999999 | mapping ['aos_vm6', 'aos_vm3']
2 - usage: 31.0 | mapping ['aos_vm8', 'aos_vm7']
3 - usage: 77.0 | mapping ['aos_vm5', 'aos_vm4']

--------------------------------------------------
Iteration number :  18
0 - usage: 57.99999999999999 | mapping ['aos_vm2', 'aos_vm1']
1 - usage: 57.00000000000001 | mapping ['aos_vm6', 'aos_vm3']
2 - usage: 33.0 | mapping ['aos_vm8', 'aos_vm7']
3 - usage: 57.99999999999999 | mapping ['aos_vm5', 'aos_vm4']

--------------------------------------------------
Iteration number :  19
0 - usage: 57.00000000000001 | mapping ['aos_vm2', 'aos_vm1']
1 - usage: 56.00000000000001 | mapping ['aos_vm6', 'aos_vm3']
2 - usage: 33.0 | mapping ['aos_vm8', 'aos_vm7']
3 - usage: 59.0 | mapping ['aos_vm5', 'aos_vm4']

--------------------------------------------------
Iteration number :  20
0 - usage: 73.0 | mapping ['aos_vm2', 'aos_vm1']
1 - usage: 65.0 | mapping ['aos_vm6', 'aos_vm3']
2 - usage: 38.0 | mapping ['aos_vm8', 'aos_vm7']
3 - usage: 71.0 | mapping ['aos_vm5', 'aos_vm4']

--------------------------------------------------
Iteration number :  21
0 - usage: 71.0 | mapping ['aos_vm2', 'aos_vm1']
1 - usage: 68.0 | mapping ['aos_vm6', 'aos_vm3']
2 - usage: 40.0 | mapping ['aos_vm8', 'aos_vm7']
3 - usage: 74.0 | mapping ['aos_vm5', 'aos_vm4']

--------------------------------------------------
Iteration number :  22
0 - usage: 71.0 | mapping ['aos_vm2', 'aos_vm1']
1 - usage: 66.0 | mapping ['aos_vm6', 'aos_vm3']
2 - usage: 41.0 | mapping ['aos_vm8', 'aos_vm7']
3 - usage: 72.0 | mapping ['aos_vm5', 'aos_vm4']

--------------------------------------------------
Iteration number :  23
0 - usage: 70.0 | mapping ['aos_vm2', 'aos_vm1']
1 - usage: 69.0 | mapping ['aos_vm6', 'aos_vm3']
2 - usage: 39.0 | mapping ['aos_vm8', 'aos_vm7']
3 - usage: 74.0 | mapping ['aos_vm5', 'aos_vm4']

--------------------------------------------------
Iteration number :  24
0 - usage: 72.0 | mapping ['aos_vm2', 'aos_vm1']
1 - usage: 64.0 | mapping ['aos_vm6', 'aos_vm3']
2 - usage: 38.0 | mapping ['aos_vm8', 'aos_vm7']
3 - usage: 70.0 | mapping ['aos_vm5', 'aos_vm4']

--------------------------------------------------
Iteration number :  25
0 - usage: 68.0 | mapping ['aos_vm2', 'aos_vm1']
1 - usage: 68.0 | mapping ['aos_vm6', 'aos_vm3']
2 - usage: 38.0 | mapping ['aos_vm8', 'aos_vm7']
3 - usage: 72.0 | mapping ['aos_vm5', 'aos_vm4']
[01;32mvagrant@vagrant[00m:[01;34m~/cpu/test[00m$ exit
exit

Script done on 2023-09-22 22:34:48+00:00 [COMMAND_EXIT_CODE="0"]
